*** Creating network
*** Adding controller
*** Adding hosts:
h1 h2 h3 h4 h5 h6 h7 h8 h9 h10 h11 h12 h13 h14 h15 h16 h17 h18 h19 h20 h21 h22 h23 h24 h25 h26 h27 
*** Adding switches:
s1 s2 s3 s4 s5 s6 s7 s8 s9 s10 s11 s12 s13 
*** Adding links:
(s1, s2) (s1, s6) (s1, s10) (s2, s3) (s2, s4) (s2, s5) (s3, h1) (s3, h2) (s3, h3) (s4, h4) (s4, h5) (s4, h6) (s5, h7) (s5, h8) (s5, h9) (s6, s7) (s6, s8) (s6, s9) (s7, h10) (s7, h11) (s7, h12) (s8, h13) (s8, h14) (s8, h15) (s9, h16) (s9, h17) (s9, h18) (s10, s11) (s10, s12) (s10, s13) (s11, h19) (s11, h20) (s11, h21) (s12, h22) (s12, h23) (s12, h24) (s13, h25) (s13, h26) (s13, h27) 
*** Configuring hosts
h1 h2 h3 h4 h5 h6 h7 h8 h9 h10 h11 h12 h13 h14 h15 h16 h17 h18 h19 h20 h21 h22 h23 h24 h25 h26 h27 
*** Starting controller
c0 
*** Starting 13 switches
s1 s2 s3 s4 s5 s6 s7 s8 s9 s10 s11 s12 s13 ...
*** Starting CLI:
mininet> 
*** Stopping 1 controllers
c0 
*** Stopping 39 links
.......................................
*** Stopping 13 switches
s1 s2 s3 s4 s5 s6 s7 s8 s9 s10 s11 s12 s13 
*** Stopping 27 hosts
h1 h2 h3 h4 h5 h6 h7 h8 h9 h10 h11 h12 h13 h14 h15 h16 h17 h18 h19 h20 h21 h22 h23 h24 h25 h26 h27 
*** Done
completed in 3.411 seconds
